<?xml version="1.0" encoding="UTF-8"?>
<coverage generated="1606005018697" clover="3.2.0">
  <project timestamp="1606005018697" name="All files">
    <metrics statements="61" coveredstatements="61" conditionals="37" coveredconditionals="36" methods="8" coveredmethods="8" elements="106" coveredelements="105" complexity="0" loc="61" ncloc="61" packages="1" files="3" classes="3"/>
    <file name="cancion.js" path="C:\Users\Usuario\Desktop\ob2-ort-fis-obl2-alonso-palma-vera\src\tests\cancion.js">
      <metrics statements="6" coveredstatements="6" conditionals="0" coveredconditionals="0" methods="1" coveredmethods="1"/>
      <line num="5" count="24" type="stmt"/>
      <line num="6" count="24" type="stmt"/>
      <line num="7" count="24" type="stmt"/>
      <line num="8" count="24" type="stmt"/>
      <line num="9" count="24" type="stmt"/>
      <line num="14" count="1" type="stmt"/>
    </file>
    <file name="leccion.js" path="C:\Users\Usuario\Desktop\ob2-ort-fis-obl2-alonso-palma-vera\src\tests\leccion.js">
      <metrics statements="9" coveredstatements="9" conditionals="0" coveredconditionals="0" methods="1" coveredmethods="1"/>
      <line num="5" count="11" type="stmt"/>
      <line num="7" count="11" type="stmt"/>
      <line num="8" count="11" type="stmt"/>
      <line num="9" count="11" type="stmt"/>
      <line num="10" count="11" type="stmt"/>
      <line num="11" count="11" type="stmt"/>
      <line num="12" count="11" type="stmt"/>
      <line num="13" count="11" type="stmt"/>
      <line num="19" count="1" type="stmt"/>
    </file>
    <file name="sistema.js" path="C:\Users\Usuario\Desktop\ob2-ort-fis-obl2-alonso-palma-vera\src\tests\sistema.js">
      <metrics statements="46" coveredstatements="46" conditionals="37" coveredconditionals="36" methods="6" coveredmethods="6"/>
      <line num="1" count="1" type="stmt"/>
      <line num="2" count="1" type="stmt"/>
      <line num="3" count="1" type="stmt"/>
      <line num="4" count="1" type="stmt"/>
      <line num="10" count="29" type="stmt"/>
      <line num="11" count="29" type="stmt"/>
      <line num="17" count="1" type="stmt"/>
      <line num="18" count="10" type="stmt"/>
      <line num="19" count="10" type="stmt"/>
      <line num="20" count="10" type="stmt"/>
      <line num="25" count="1" type="stmt"/>
      <line num="26" count="10" type="stmt"/>
      <line num="27" count="10" type="stmt"/>
      <line num="30" count="10" type="stmt"/>
      <line num="31" count="10" type="stmt"/>
      <line num="32" count="10" type="stmt"/>
      <line num="35" count="10" type="cond" truecount="2" falsecount="0"/>
      <line num="36" count="10" type="stmt"/>
      <line num="37" count="10" type="stmt"/>
      <line num="38" count="10" type="stmt"/>
      <line num="44" count="13" type="stmt"/>
      <line num="46" count="13" type="cond" truecount="7" falsecount="0"/>
      <line num="47" count="5" type="stmt"/>
      <line num="49" count="8" type="cond" truecount="9" falsecount="0"/>
      <line num="53" count="7" type="stmt"/>
      <line num="56" count="1" type="stmt"/>
      <line num="57" count="1" type="stmt"/>
      <line num="58" count="1" type="stmt"/>
      <line num="61" count="13" type="stmt"/>
      <line num="67" count="13" type="cond" truecount="6" falsecount="0"/>
      <line num="68" count="7" type="stmt"/>
      <line num="70" count="6" type="cond" truecount="9" falsecount="0"/>
      <line num="73" count="4" type="stmt"/>
      <line num="75" count="2" type="stmt"/>
      <line num="76" count="2" type="stmt"/>
      <line num="77" count="2" type="stmt"/>
      <line num="78" count="2" type="stmt"/>
      <line num="83" count="12" type="stmt"/>
      <line num="84" count="12" type="stmt"/>
      <line num="86" count="12" type="cond" truecount="2" falsecount="0"/>
      <line num="88" count="1" type="cond" truecount="1" falsecount="1"/>
      <line num="89" count="1" type="stmt"/>
      <line num="91" count="1" type="stmt"/>
      <line num="93" count="12" type="stmt"/>
      <line num="98" count="1" type="stmt"/>
      <line num="129" count="1" type="stmt"/>
    </file>
  </project>
</coverage>
