{"C:\\Users\\Usuario\\Desktop\\ob2-ort-fis-obl2-alonso-palma-vera\\src\\tests\\cancion.js": {"path":"C:\\Users\\Usuario\\Desktop\\ob2-ort-fis-obl2-alonso-palma-vera\\src\\tests\\cancion.js","statementMap":{"0":{"start":{"line":6,"column":4},"end":{"line":6,"column":28}},"1":{"start":{"line":7,"column":4},"end":{"line":7,"column":25}},"2":{"start":{"line":8,"column":4},"end":{"line":8,"column":23}},"3":{"start":{"line":9,"column":4},"end":{"line":9,"column":31}},"4":{"start":{"line":10,"column":4},"end":{"line":10,"column":25}},"5":{"start":{"line":11,"column":4},"end":{"line":11,"column":25}},"6":{"start":{"line":16,"column":0},"end":{"line":16,"column":33}}},"fnMap":{"0":{"name":"(anonymous_0)","decl":{"start":{"line":4,"column":2},"end":{"line":4,"column":3}},"loc":{"start":{"line":4,"column":72},"end":{"line":13,"column":3}},"line":4}},"branchMap":{},"s":{"0":9,"1":9,"2":9,"3":9,"4":9,"5":9,"6":1},"f":{"0":9},"b":{},"_coverageSchema":"1a1c01bbd47fc00a2c39e90264f33305004495a9","hash":"4d05aae0e718c3c5f3bc834799fc4740cb3cc910"}
,"C:\\Users\\Usuario\\Desktop\\ob2-ort-fis-obl2-alonso-palma-vera\\src\\tests\\leccion.js": {"path":"C:\\Users\\Usuario\\Desktop\\ob2-ort-fis-obl2-alonso-palma-vera\\src\\tests\\leccion.js","statementMap":{"0":{"start":{"line":1,"column":16},"end":{"line":1,"column":39}},"1":{"start":{"line":3,"column":20},"end":{"line":3,"column":21}},"2":{"start":{"line":9,"column":12},"end":{"line":9,"column":22}},"3":{"start":{"line":11,"column":4},"end":{"line":11,"column":28}},"4":{"start":{"line":12,"column":4},"end":{"line":12,"column":25}},"5":{"start":{"line":13,"column":4},"end":{"line":13,"column":35}},"6":{"start":{"line":14,"column":4},"end":{"line":14,"column":73}},"7":{"start":{"line":15,"column":4},"end":{"line":15,"column":27}},"8":{"start":{"line":17,"column":4},"end":{"line":17,"column":20}},"9":{"start":{"line":22,"column":0},"end":{"line":22,"column":33}}},"fnMap":{"0":{"name":"(anonymous_0)","decl":{"start":{"line":7,"column":2},"end":{"line":7,"column":3}},"loc":{"start":{"line":7,"column":44},"end":{"line":19,"column":3}},"line":7}},"branchMap":{},"s":{"0":1,"1":1,"2":1,"3":1,"4":1,"5":1,"6":1,"7":1,"8":1,"9":1},"f":{"0":1},"b":{},"_coverageSchema":"1a1c01bbd47fc00a2c39e90264f33305004495a9","hash":"4fbefaeb1a508c39bacf3e005d85d1b481ea3dbc"}
,"C:\\Users\\Usuario\\Desktop\\ob2-ort-fis-obl2-alonso-palma-vera\\src\\tests\\sistema.js": {"path":"C:\\Users\\Usuario\\Desktop\\ob2-ort-fis-obl2-alonso-palma-vera\\src\\tests\\sistema.js","statementMap":{"0":{"start":{"line":1,"column":16},"end":{"line":1,"column":39}},"1":{"start":{"line":2,"column":16},"end":{"line":2,"column":39}},"2":{"start":{"line":10,"column":4},"end":{"line":10,"column":29}},"3":{"start":{"line":11,"column":4},"end":{"line":11,"column":29}},"4":{"start":{"line":12,"column":24},"end":{"line":12,"column":25}},"5":{"start":{"line":13,"column":24},"end":{"line":13,"column":25}},"6":{"start":{"line":25,"column":18},"end":{"line":25,"column":22}},"7":{"start":{"line":27,"column":4},"end":{"line":38,"column":5}},"8":{"start":{"line":28,"column":6},"end":{"line":28,"column":22}},"9":{"start":{"line":30,"column":9},"end":{"line":38,"column":5}},"10":{"start":{"line":32,"column":6},"end":{"line":32,"column":22}},"11":{"start":{"line":35,"column":23},"end":{"line":35,"column":92}},"12":{"start":{"line":36,"column":6},"end":{"line":36,"column":43}},"13":{"start":{"line":37,"column":6},"end":{"line":37,"column":27}},"14":{"start":{"line":40,"column":4},"end":{"line":40,"column":19}},"15":{"start":{"line":47,"column":18},"end":{"line":47,"column":22}},"16":{"start":{"line":49,"column":4},"end":{"line":62,"column":5}},"17":{"start":{"line":50,"column":6},"end":{"line":50,"column":22}},"18":{"start":{"line":52,"column":9},"end":{"line":62,"column":5}},"19":{"start":{"line":56,"column":6},"end":{"line":56,"column":22}},"20":{"start":{"line":59,"column":23},"end":{"line":59,"column":96}},"21":{"start":{"line":60,"column":6},"end":{"line":60,"column":43}},"22":{"start":{"line":61,"column":6},"end":{"line":61,"column":27}},"23":{"start":{"line":64,"column":4},"end":{"line":64,"column":19}},"24":{"start":{"line":71,"column":18},"end":{"line":71,"column":22}},"25":{"start":{"line":72,"column":15},"end":{"line":72,"column":16}},"26":{"start":{"line":73,"column":4},"end":{"line":79,"column":5}},"27":{"start":{"line":75,"column":6},"end":{"line":77,"column":7}},"28":{"start":{"line":76,"column":8},"end":{"line":76,"column":44}},"29":{"start":{"line":78,"column":6},"end":{"line":78,"column":13}},"30":{"start":{"line":80,"column":4},"end":{"line":80,"column":19}},"31":{"start":{"line":85,"column":0},"end":{"line":89,"column":1}}},"fnMap":{"0":{"name":"(anonymous_0)","decl":{"start":{"line":8,"column":2},"end":{"line":8,"column":3}},"loc":{"start":{"line":8,"column":16},"end":{"line":16,"column":3}},"line":8},"1":{"name":"(anonymous_1)","decl":{"start":{"line":18,"column":2},"end":{"line":18,"column":3}},"loc":{"start":{"line":18,"column":16},"end":{"line":21,"column":3}},"line":18},"2":{"name":"(anonymous_2)","decl":{"start":{"line":23,"column":2},"end":{"line":23,"column":3}},"loc":{"start":{"line":23,"column":45},"end":{"line":42,"column":3}},"line":23},"3":{"name":"(anonymous_3)","decl":{"start":{"line":45,"column":2},"end":{"line":45,"column":3}},"loc":{"start":{"line":45,"column":49},"end":{"line":67,"column":3}},"line":45},"4":{"name":"(anonymous_4)","decl":{"start":{"line":69,"column":2},"end":{"line":69,"column":3}},"loc":{"start":{"line":69,"column":20},"end":{"line":81,"column":3}},"line":69}},"branchMap":{"0":{"loc":{"start":{"line":27,"column":4},"end":{"line":38,"column":5}},"type":"if","locations":[{"start":{"line":27,"column":4},"end":{"line":38,"column":5}},{"start":{"line":27,"column":4},"end":{"line":38,"column":5}}],"line":27},"1":{"loc":{"start":{"line":27,"column":8},"end":{"line":27,"column":60}},"type":"binary-expr","locations":[{"start":{"line":27,"column":8},"end":{"line":27,"column":20}},{"start":{"line":27,"column":24},"end":{"line":27,"column":41}},{"start":{"line":27,"column":45},"end":{"line":27,"column":60}}],"line":27},"2":{"loc":{"start":{"line":30,"column":9},"end":{"line":38,"column":5}},"type":"if","locations":[{"start":{"line":30,"column":9},"end":{"line":38,"column":5}},{"start":{"line":30,"column":9},"end":{"line":38,"column":5}}],"line":30},"3":{"loc":{"start":{"line":30,"column":13},"end":{"line":31,"column":58}},"type":"binary-expr","locations":[{"start":{"line":30,"column":13},"end":{"line":30,"column":31}},{"start":{"line":30,"column":35},"end":{"line":30,"column":53}},{"start":{"line":31,"column":6},"end":{"line":31,"column":30}},{"start":{"line":31,"column":34},"end":{"line":31,"column":58}}],"line":30},"4":{"loc":{"start":{"line":49,"column":4},"end":{"line":62,"column":5}},"type":"if","locations":[{"start":{"line":49,"column":4},"end":{"line":62,"column":5}},{"start":{"line":49,"column":4},"end":{"line":62,"column":5}}],"line":49},"5":{"loc":{"start":{"line":49,"column":8},"end":{"line":49,"column":54}},"type":"binary-expr","locations":[{"start":{"line":49,"column":8},"end":{"line":49,"column":20}},{"start":{"line":49,"column":24},"end":{"line":49,"column":39}},{"start":{"line":49,"column":43},"end":{"line":49,"column":54}}],"line":49},"6":{"loc":{"start":{"line":52,"column":9},"end":{"line":62,"column":5}},"type":"if","locations":[{"start":{"line":52,"column":9},"end":{"line":62,"column":5}},{"start":{"line":52,"column":9},"end":{"line":62,"column":5}}],"line":52},"7":{"loc":{"start":{"line":52,"column":13},"end":{"line":54,"column":44}},"type":"binary-expr","locations":[{"start":{"line":52,"column":13},"end":{"line":52,"column":31}},{"start":{"line":52,"column":35},"end":{"line":52,"column":53}},{"start":{"line":53,"column":6},"end":{"line":53,"column":29}},{"start":{"line":53,"column":33},"end":{"line":53,"column":56}},{"start":{"line":54,"column":6},"end":{"line":54,"column":23}},{"start":{"line":54,"column":27},"end":{"line":54,"column":44}}],"line":52},"8":{"loc":{"start":{"line":73,"column":11},"end":{"line":73,"column":63}},"type":"binary-expr","locations":[{"start":{"line":73,"column":11},"end":{"line":73,"column":26}},{"start":{"line":73,"column":30},"end":{"line":73,"column":63}}],"line":73},"9":{"loc":{"start":{"line":75,"column":6},"end":{"line":77,"column":7}},"type":"if","locations":[{"start":{"line":75,"column":6},"end":{"line":77,"column":7}},{"start":{"line":75,"column":6},"end":{"line":77,"column":7}}],"line":75}},"s":{"0":1,"1":1,"2":20,"3":20,"4":20,"5":20,"6":8,"7":8,"8":3,"9":5,"10":4,"11":1,"12":1,"13":1,"14":8,"15":11,"16":11,"17":5,"18":6,"19":4,"20":2,"21":2,"22":2,"23":11,"24":2,"25":2,"26":2,"27":1,"28":0,"29":1,"30":2,"31":1},"f":{"0":20,"1":0,"2":8,"3":11,"4":2},"b":{"0":[3,5],"1":[8,7,6],"2":[4,1],"3":[5,4,3,2],"4":[5,6],"5":[11,9,8],"6":[4,2],"7":[6,3,3,3,3,2],"8":[3,3],"9":[0,1]},"_coverageSchema":"1a1c01bbd47fc00a2c39e90264f33305004495a9","hash":"c81d5f470eb27153c2ac7a3668694106970c0eca"}
}
