TN:
SF:src\tests\cancion.js
FN:4,(anonymous_0)
FNF:1
FNH:1
FNDA:9,(anonymous_0)
DA:6,9
DA:7,9
DA:8,9
DA:9,9
DA:10,9
DA:11,9
DA:16,1
LF:7
LH:7
BRF:0
BRH:0
end_of_record
TN:
SF:src\tests\leccion.js
FN:7,(anonymous_0)
FNF:1
FNH:1
FNDA:1,(anonymous_0)
DA:1,1
DA:3,1
DA:9,1
DA:11,1
DA:12,1
DA:13,1
DA:14,1
DA:15,1
DA:17,1
DA:22,1
LF:10
LH:10
BRF:0
BRH:0
end_of_record
TN:
SF:src\tests\sistema.js
FN:8,(anonymous_0)
FN:18,(anonymous_1)
FN:23,(anonymous_2)
FN:45,(anonymous_3)
FN:69,(anonymous_4)
FNF:5
FNH:4
FNDA:20,(anonymous_0)
FNDA:0,(anonymous_1)
FNDA:8,(anonymous_2)
FNDA:11,(anonymous_3)
FNDA:2,(anonymous_4)
DA:1,1
DA:2,1
DA:10,20
DA:11,20
DA:12,20
DA:13,20
DA:25,8
DA:27,8
DA:28,3
DA:30,5
DA:32,4
DA:35,1
DA:36,1
DA:37,1
DA:40,8
DA:47,11
DA:49,11
DA:50,5
DA:52,6
DA:56,4
DA:59,2
DA:60,2
DA:61,2
DA:64,11
DA:71,2
DA:72,2
DA:73,2
DA:75,1
DA:76,0
DA:78,1
DA:80,2
DA:85,1
LF:32
LH:31
BRDA:27,0,0,3
BRDA:27,0,1,5
BRDA:27,1,0,8
BRDA:27,1,1,7
BRDA:27,1,2,6
BRDA:30,2,0,4
BRDA:30,2,1,1
BRDA:30,3,0,5
BRDA:30,3,1,4
BRDA:30,3,2,3
BRDA:30,3,3,2
BRDA:49,4,0,5
BRDA:49,4,1,6
BRDA:49,5,0,11
BRDA:49,5,1,9
BRDA:49,5,2,8
BRDA:52,6,0,4
BRDA:52,6,1,2
BRDA:52,7,0,6
BRDA:52,7,1,3
BRDA:52,7,2,3
BRDA:52,7,3,3
BRDA:52,7,4,3
BRDA:52,7,5,2
BRDA:73,8,0,3
BRDA:73,8,1,3
BRDA:75,9,0,0
BRDA:75,9,1,1
BRF:28
BRH:27
end_of_record
